[2024-03-13 21:52:46,949: INFO: common: yaml file: config/config.yaml loaded successfully]
[2024-03-13 21:52:46,951: INFO: common: yaml file: params.yaml loaded successfully]
[2024-03-13 21:52:46,951: INFO: common: created directory at: artifacts]
[2024-03-13 21:52:46,952: INFO: common: created directory at: artifacts/data_ingestion]
[2024-03-13 21:53:16,396: INFO: common: yaml file: config/config.yaml loaded successfully]
[2024-03-13 21:53:16,397: INFO: common: yaml file: params.yaml loaded successfully]
[2024-03-13 21:53:16,398: INFO: common: created directory at: artifacts]
[2024-03-13 21:53:16,398: INFO: common: created directory at: artifacts/data_ingestion]
[2024-03-13 21:53:16,398: INFO: 3483343868: Downloading data from https://drive.google.com/file/d/1Mb1kHZD0FSa3VrV7xebCy_7VkJ7rgevf/view?usp=sharing into file artifacts/data_ingestion/data.zip]
[2024-03-13 21:53:43,501: INFO: common: yaml file: config/config.yaml loaded successfully]
[2024-03-13 21:53:43,502: INFO: common: yaml file: params.yaml loaded successfully]
[2024-03-13 21:53:43,503: INFO: common: created directory at: artifacts]
[2024-03-13 21:53:43,503: INFO: common: created directory at: artifacts/data_ingestion]
[2024-03-13 21:53:43,504: INFO: 3483343868: Downloading data from https://drive.google.com/file/d/1Mb1kHZD0FSa3VrV7xebCy_7VkJ7rgevf/view?usp=sharing into file artifacts/data_ingestion/data.zip]
[2024-03-13 21:54:56,345: INFO: common: yaml file: config/config.yaml loaded successfully]
[2024-03-13 21:54:56,346: INFO: common: yaml file: params.yaml loaded successfully]
[2024-03-13 21:54:56,347: INFO: common: created directory at: artifacts]
[2024-03-13 21:54:56,347: INFO: common: created directory at: artifacts/data_ingestion]
[2024-03-13 21:54:56,348: INFO: 3483343868: Downloading data from https://drive.google.com/file/d/1Mb1kHZD0FSa3VrV7xebCy_7VkJ7rgevf/view?usp=sharing into file artifacts/data_ingestion/data.zip]
[2024-03-13 21:55:30,477: INFO: common: yaml file: config/config.yaml loaded successfully]
[2024-03-13 21:55:30,479: INFO: common: yaml file: params.yaml loaded successfully]
[2024-03-13 21:55:30,480: INFO: common: created directory at: artifacts]
[2024-03-13 21:55:30,480: INFO: common: created directory at: artifacts/data_ingestion]
[2024-03-13 21:55:30,481: INFO: 3483343868: Downloading data from https://drive.google.com/file/d/1Mb1kHZD0FSa3VrV7xebCy_7VkJ7rgevf/view?usp=sharing into file artifacts/data_ingestion/data.zip]
[2024-03-13 22:12:51,377: INFO: 3483343868: Downloaded data from https://drive.google.com/file/d/1Mb1kHZD0FSa3VrV7xebCy_7VkJ7rgevf/view?usp=sharing into file artifacts/data_ingestion/data.zip]
[2024-03-13 23:44:38,287: INFO: common: yaml file: config/config.yaml loaded successfully]
[2024-03-13 23:44:38,289: INFO: common: yaml file: params.yaml loaded successfully]
[2024-03-13 23:44:38,290: INFO: common: created directory at: artifacts]
[2024-03-13 23:44:38,290: INFO: common: created directory at: artifacts/data_ingestion]
